libuvccamera/build/intermediates/manifest_merge_blame_file/debug/manifest-merger-blame-debug-report.txt
1<?xml version="1.0" encoding="utf-8"?>
2<!--
3  ~  UVCCamera
4  ~  library and sample to access to UVC web camera on non-rooted Android device
5  ~
6  ~ Copyright (c) 2014-2017 saki t_saki@serenegiant.com
7  ~
8  ~  Licensed under the Apache License, Version 2.0 (the "License");
9  ~  you may not use this file except in compliance with the License.
10  ~   You may obtain a copy of the License at
11  ~
12  ~      http://www.apache.org/licenses/LICENSE-2.0
13  ~
14  ~   Unless required by applicable law or agreed to in writing, software
15  ~   distributed under the License is distributed on an "AS IS" BASIS,
16  ~   WITHOUT WARRANTIES OR CONDITIONS OF ANY KIND, either express or implied.
17  ~   See the License for the specific language governing permissions and
18  ~   limitations under the License.
19  ~
20  ~  All files in the folder are under this Apache License, Version 2.0.
21  ~  Files in the libjpeg-turbo, libusb, libuvc, rapidjson folder
22  ~  may have a different license, see the respective files.
23-->
24<manifest xmlns:android="http://schemas.android.com/apk/res/android"
25    package="com.serenegiant.uvccamera"
26    android:versionCode="2"
27    android:versionName="1.1" >
28
29    <uses-sdk
30        android:minSdkVersion="21"
30-->src\main\AndroidManifest.xml
31        android:targetSdkVersion="27" />
31-->src\main\AndroidManifest.xml
32
33    <uses-permission android:name="android.permission.RECORD_AUDIO" />
33-->src\main\AndroidManifest.xml:29:5-70
33-->src\main\AndroidManifest.xml:29:22-68
34    <uses-permission android:name="android.permission.WRITE_EXTERNAL_STORAGE" />
34-->src\main\AndroidManifest.xml:30:5-80
34-->src\main\AndroidManifest.xml:30:22-78
35
36    <uses-feature
36-->src\main\AndroidManifest.xml:32:5-78
37        android:glEsVersion="0x00020000"
37-->src\main\AndroidManifest.xml:32:19-51
38        android:required="true" />
38-->src\main\AndroidManifest.xml:32:52-75
39    <!-- <uses-sdk android:targetSdkVersion="22" /> -->
40    <application android:requestLegacyExternalStorage="true" >
40-->src\main\AndroidManifest.xml:36:5-53:19
40-->src\main\AndroidManifest.xml:37:9-52
41
42        <!-- android11 分区存储需要 -->
43        <meta-data
43-->src\main\AndroidManifest.xml:40:9-42:35
44            android:name="ScopedStorage"
44-->src\main\AndroidManifest.xml:41:13-41
45            android:value="true" />
45-->src\main\AndroidManifest.xml:42:13-33
46
47        <provider
47-->src\main\AndroidManifest.xml:44:9-52:20
48            android:name="com.zy.uvccamera.ZYFileProvider"
48-->src\main\AndroidManifest.xml:45:13-59
49            android:authorities="${applicationId}.libuvccamera.provider"
49-->src\main\AndroidManifest.xml:46:13-73
50            android:exported="false"
50-->src\main\AndroidManifest.xml:47:13-37
51            android:grantUriPermissions="true" >
51-->src\main\AndroidManifest.xml:48:13-47
52            <meta-data
52-->src\main\AndroidManifest.xml:49:13-51:68
53                android:name="android.support.FILE_PROVIDER_PATHS"
53-->src\main\AndroidManifest.xml:50:17-67
54                android:resource="@xml/util_code_provider_paths" />
54-->src\main\AndroidManifest.xml:51:17-65
55        </provider>
56    </application>
57
58</manifest>